<?xml version="1.0" encoding="UTF-8"?>
<!-- Generated by org.testng.reporters.JUnitReportReporter -->
<testsuite hostname="LAPTOP-F8VFH2TR" failures="0" tests="1" name="rahulshettyacademy.tests.SearchProductTest" time="14.093" errors="0" timestamp="2024-07-04T15:42:20 IST" skipped="0">
  <testcase classname="rahulshettyacademy.tests.SearchProductTest" name="searchProduct" time="14.093"/>
  <system-out/>
</testsuite> <!-- rahulshettyacademy.tests.SearchProductTest -->
